<?xml version="1.0" encoding="UTF-8"?>
<!-- Generated by org.testng.reporters.JUnitReportReporter -->
<testsuite hostname="Dell" failures="0" tests="2" name="samplePKG.myFirstRestAssuredClass" time="5.330" errors="0" timestamp="2022-09-20T21:12:05 IST" skipped="0">
  <testcase classname="samplePKG.myFirstRestAssuredClass" name="getResponseStatus" time="1.553"/>
  <system-out/>
  <testcase classname="samplePKG.myFirstRestAssuredClass" name="getResponseBody" time="3.777"/>
  <system-out/>
</testsuite> <!-- samplePKG.myFirstRestAssuredClass -->
